<?xml version="1.0" encoding="UTF-8"?>
<!-- Generated by org.testng.reporters.JUnitReportReporter -->
<testsuite skipped="0" hostname="DESKTOP-8F70P3O" name="dataDriven.ExcelDataProvider.ExcelTest" tests="1" failures="0" timestamp="2021-10-30T10:58:22 IST" time="0.488" errors="0">
  <testcase name="getData" time="0.488" classname="dataDriven.ExcelDataProvider.ExcelTest"/>
  <system-out/>
</testsuite> <!-- dataDriven.ExcelDataProvider.ExcelTest -->
