<?xml version="1.0" encoding="UTF-8"?>
<!-- Generated by org.testng.reporters.JUnitReportReporter -->
<testsuite skipped="0" hostname="DESKTOP-8F70P3O" name="dataDriven.ExcelDataProvider.DataProvide" tests="3" failures="0" timestamp="2021-10-30T11:58:01 IST" time="0.007" errors="0">
  <testcase name="testCaseData" time="0.001" classname="dataDriven.ExcelDataProvider.DataProvide"/>
  <system-out/>
  <testcase name="testCaseData" time="0.005" classname="dataDriven.ExcelDataProvider.DataProvide"/>
  <system-out/>
  <testcase name="testCaseData" time="0.001" classname="dataDriven.ExcelDataProvider.DataProvide"/>
  <system-out/>
</testsuite> <!-- dataDriven.ExcelDataProvider.DataProvide -->
